<?xml version="1.0" encoding="UTF-8"?>
<!-- Generated by org.testng.reporters.JUnitXMLReporter -->
<testsuite hostname="qatests-MacBook-Pro-2.local" name="LYRIC_DLS_EXECUTION_SUITE" tests="1" failures="1" timestamp="5 May 2020 15:17:04 GMT" time="739.569" errors="0">
  <testcase name="test on [Test: &quot;As a user i want to verify list of solutions displayed in Add Devices screen for supported countries&quot; verbose:1[parameters:][metagroups:] [included: ][excluded: ]  classes: packages:] " time="585.92" classname="com.honeywell.testcases.executor.TestCasesExecutor">
    <failure type="java.lang.AssertionError" message="null">
      <![CDATA[java.lang.AssertionError: null
	at com.honeywell.testcases.executor.TestCasesExecutor.test(TestCasesExecutor.java:230)
	at java.util.concurrent.Executors$RunnableAdapter.call(Executors.java:511)
	at java.util.concurrent.FutureTask.run(FutureTask.java:266)
	at java.util.concurrent.ThreadPoolExecutor.runWorker(ThreadPoolExecutor.java:1142)
	at java.util.concurrent.ThreadPoolExecutor$Worker.run(ThreadPoolExecutor.java:617)
	at java.lang.Thread.run(Thread.java:745)
... Removed 9 stack frames]]>
    </failure>
  </testcase> <!-- test on [Test: "As a user i want to verify list of solutions displayed in Add Devices screen for supported countries" verbose:1[parameters:][metagroups:] [included: ][excluded: ]  classes: packages:]  -->
</testsuite> <!-- LYRIC_DLS_EXECUTION_SUITE -->
